{"/Users/chuz/DEV004-burger-queen-api-client/burger-queen-react/src/components/Login/Login.jsx": {"path":"/Users/chuz/DEV004-burger-queen-api-client/burger-queen-react/src/components/Login/Login.jsx","all":false,"statementMap":{"0":{"start":{"line":1,"column":0},"end":{"line":1,"column":74}},"1":{"start":{"line":2,"column":0},"end":{"line":2,"column":22}},"2":{"start":{"line":3,"column":0},"end":{"line":3,"column":41}},"3":{"start":{"line":4,"column":0},"end":{"line":4,"column":63}},"4":{"start":{"line":5,"column":0},"end":{"line":5,"column":47}},"5":{"start":{"line":6,"column":0},"end":{"line":6,"column":0}},"6":{"start":{"line":7,"column":0},"end":{"line":7,"column":73}},"7":{"start":{"line":8,"column":0},"end":{"line":8,"column":18}},"8":{"start":{"line":9,"column":0},"end":{"line":9,"column":77}},"9":{"start":{"line":10,"column":0},"end":{"line":10,"column":47}},"10":{"start":{"line":11,"column":0},"end":{"line":11,"column":47}},"11":{"start":{"line":12,"column":0},"end":{"line":12,"column":33}},"12":{"start":{"line":13,"column":0},"end":{"line":13,"column":0}},"13":{"start":{"line":14,"column":0},"end":{"line":14,"column":100}},"14":{"start":{"line":15,"column":0},"end":{"line":15,"column":39}},"15":{"start":{"line":16,"column":0},"end":{"line":16,"column":84}},"16":{"start":{"line":17,"column":0},"end":{"line":17,"column":4}},"17":{"start":{"line":18,"column":0},"end":{"line":18,"column":0}},"18":{"start":{"line":19,"column":0},"end":{"line":19,"column":39}},"19":{"start":{"line":20,"column":0},"end":{"line":20,"column":32}},"20":{"start":{"line":21,"column":0},"end":{"line":21,"column":4}},"21":{"start":{"line":22,"column":0},"end":{"line":22,"column":0}},"22":{"start":{"line":23,"column":0},"end":{"line":23,"column":31}},"23":{"start":{"line":24,"column":0},"end":{"line":24,"column":84}},"24":{"start":{"line":25,"column":0},"end":{"line":25,"column":48}},"25":{"start":{"line":26,"column":0},"end":{"line":26,"column":47}},"26":{"start":{"line":27,"column":0},"end":{"line":27,"column":22}},"27":{"start":{"line":28,"column":0},"end":{"line":28,"column":25}},"28":{"start":{"line":29,"column":0},"end":{"line":29,"column":6}},"29":{"start":{"line":30,"column":0},"end":{"line":30,"column":25}},"30":{"start":{"line":31,"column":0},"end":{"line":31,"column":63}},"31":{"start":{"line":32,"column":0},"end":{"line":32,"column":24}},"32":{"start":{"line":33,"column":0},"end":{"line":33,"column":117}},"33":{"start":{"line":34,"column":0},"end":{"line":34,"column":65}},"34":{"start":{"line":35,"column":0},"end":{"line":35,"column":59}},"35":{"start":{"line":36,"column":0},"end":{"line":36,"column":58}},"36":{"start":{"line":37,"column":0},"end":{"line":37,"column":6}},"37":{"start":{"line":38,"column":0},"end":{"line":38,"column":0}},"38":{"start":{"line":39,"column":0},"end":{"line":39,"column":105}},"39":{"start":{"line":40,"column":0},"end":{"line":40,"column":45}},"40":{"start":{"line":41,"column":0},"end":{"line":41,"column":91}},"41":{"start":{"line":42,"column":0},"end":{"line":42,"column":17}},"42":{"start":{"line":43,"column":0},"end":{"line":43,"column":0}},"43":{"start":{"line":44,"column":0},"end":{"line":44,"column":6}},"44":{"start":{"line":45,"column":0},"end":{"line":45,"column":23}},"45":{"start":{"line":46,"column":0},"end":{"line":46,"column":63}},"46":{"start":{"line":47,"column":0},"end":{"line":47,"column":25}},"47":{"start":{"line":48,"column":0},"end":{"line":48,"column":7}},"48":{"start":{"line":49,"column":0},"end":{"line":49,"column":4}},"49":{"start":{"line":50,"column":0},"end":{"line":50,"column":0}},"50":{"start":{"line":51,"column":0},"end":{"line":51,"column":36}},"51":{"start":{"line":52,"column":0},"end":{"line":52,"column":65}},"52":{"start":{"line":53,"column":0},"end":{"line":53,"column":10}},"53":{"start":{"line":54,"column":0},"end":{"line":54,"column":31}},"54":{"start":{"line":55,"column":0},"end":{"line":55,"column":11}},"55":{"start":{"line":56,"column":0},"end":{"line":56,"column":26}},"56":{"start":{"line":57,"column":0},"end":{"line":57,"column":12}},"57":{"start":{"line":58,"column":0},"end":{"line":58,"column":0}},"58":{"start":{"line":59,"column":0},"end":{"line":59,"column":33}},"59":{"start":{"line":60,"column":0},"end":{"line":60,"column":22}},"60":{"start":{"line":61,"column":0},"end":{"line":61,"column":38}},"61":{"start":{"line":62,"column":0},"end":{"line":62,"column":37}},"62":{"start":{"line":63,"column":0},"end":{"line":63,"column":54}},"63":{"start":{"line":64,"column":0},"end":{"line":64,"column":18}},"64":{"start":{"line":65,"column":0},"end":{"line":65,"column":36}},"65":{"start":{"line":66,"column":0},"end":{"line":66,"column":25}},"66":{"start":{"line":67,"column":0},"end":{"line":67,"column":27}},"67":{"start":{"line":68,"column":0},"end":{"line":68,"column":30}},"68":{"start":{"line":69,"column":0},"end":{"line":69,"column":45}},"69":{"start":{"line":70,"column":0},"end":{"line":70,"column":14}},"70":{"start":{"line":71,"column":0},"end":{"line":71,"column":16}},"71":{"start":{"line":72,"column":0},"end":{"line":72,"column":37}},"72":{"start":{"line":73,"column":0},"end":{"line":73,"column":57}},"73":{"start":{"line":74,"column":0},"end":{"line":74,"column":18}},"74":{"start":{"line":75,"column":0},"end":{"line":75,"column":36}},"75":{"start":{"line":76,"column":0},"end":{"line":76,"column":29}},"76":{"start":{"line":77,"column":0},"end":{"line":77,"column":27}},"77":{"start":{"line":78,"column":0},"end":{"line":78,"column":30}},"78":{"start":{"line":79,"column":0},"end":{"line":79,"column":45}},"79":{"start":{"line":80,"column":0},"end":{"line":80,"column":14}},"80":{"start":{"line":81,"column":0},"end":{"line":81,"column":16}},"81":{"start":{"line":82,"column":0},"end":{"line":82,"column":36}},"82":{"start":{"line":83,"column":0},"end":{"line":83,"column":55}},"83":{"start":{"line":84,"column":0},"end":{"line":84,"column":16}},"84":{"start":{"line":85,"column":0},"end":{"line":85,"column":15}},"85":{"start":{"line":86,"column":0},"end":{"line":86,"column":12}},"86":{"start":{"line":87,"column":0},"end":{"line":87,"column":10}},"87":{"start":{"line":88,"column":0},"end":{"line":88,"column":3}},"88":{"start":{"line":89,"column":0},"end":{"line":89,"column":1}},"89":{"start":{"line":90,"column":0},"end":{"line":90,"column":0}},"90":{"start":{"line":91,"column":0},"end":{"line":91,"column":21}}},"s":{"0":1,"1":1,"2":1,"3":1,"4":1,"5":1,"6":1,"7":3,"8":3,"9":3,"10":3,"11":3,"12":3,"13":3,"14":3,"15":0,"16":0,"17":3,"18":3,"19":0,"20":0,"21":3,"22":3,"23":2,"24":2,"25":2,"26":2,"27":2,"28":2,"29":2,"30":0,"31":0,"32":0,"33":0,"34":0,"35":0,"36":0,"37":0,"38":0,"39":0,"40":0,"41":0,"42":0,"43":2,"44":2,"45":2,"46":2,"47":2,"48":2,"49":3,"50":3,"51":3,"52":3,"53":3,"54":3,"55":3,"56":3,"57":3,"58":3,"59":3,"60":3,"61":3,"62":3,"63":3,"64":3,"65":3,"66":3,"67":3,"68":3,"69":3,"70":3,"71":3,"72":3,"73":3,"74":3,"75":3,"76":3,"77":3,"78":3,"79":3,"80":3,"81":3,"82":3,"83":3,"84":3,"85":3,"86":3,"87":3,"88":3,"89":1,"90":1},"branchMap":{"0":{"type":"branch","line":8,"loc":{"start":{"line":8,"column":0},"end":{"line":89,"column":1}},"locations":[{"start":{"line":8,"column":0},"end":{"line":89,"column":1}}]},"1":{"type":"branch","line":23,"loc":{"start":{"line":23,"column":23},"end":{"line":49,"column":4}},"locations":[{"start":{"line":23,"column":23},"end":{"line":49,"column":4}}]},"2":{"type":"branch","line":45,"loc":{"start":{"line":45,"column":11},"end":{"line":48,"column":5}},"locations":[{"start":{"line":45,"column":11},"end":{"line":48,"column":5}}]}},"b":{"0":[3],"1":[2],"2":[2]},"fnMap":{"0":{"name":"Login","decl":{"start":{"line":8,"column":0},"end":{"line":89,"column":1}},"loc":{"start":{"line":8,"column":0},"end":{"line":89,"column":1}},"line":8},"1":{"name":"handleUsernameChange","decl":{"start":{"line":15,"column":31},"end":{"line":17,"column":4}},"loc":{"start":{"line":15,"column":31},"end":{"line":17,"column":4}},"line":15},"2":{"name":"handlePasswordChange","decl":{"start":{"line":19,"column":31},"end":{"line":21,"column":4}},"loc":{"start":{"line":19,"column":31},"end":{"line":21,"column":4}},"line":19},"3":{"name":"handleSubmit","decl":{"start":{"line":23,"column":23},"end":{"line":49,"column":4}},"loc":{"start":{"line":23,"column":23},"end":{"line":49,"column":4}},"line":23}},"f":{"0":3,"1":0,"2":0,"3":2}}
,"/Users/chuz/DEV004-burger-queen-api-client/burger-queen-react/src/components/Orders/Kitchen.jsx": {"path":"/Users/chuz/DEV004-burger-queen-api-client/burger-queen-react/src/components/Orders/Kitchen.jsx","all":false,"statementMap":{"0":{"start":{"line":1,"column":0},"end":{"line":1,"column":44}},"1":{"start":{"line":2,"column":0},"end":{"line":2,"column":26}},"2":{"start":{"line":3,"column":0},"end":{"line":3,"column":41}},"3":{"start":{"line":4,"column":0},"end":{"line":4,"column":24}},"4":{"start":{"line":5,"column":0},"end":{"line":5,"column":29}},"5":{"start":{"line":6,"column":0},"end":{"line":6,"column":0}},"6":{"start":{"line":7,"column":0},"end":{"line":7,"column":0}},"7":{"start":{"line":8,"column":0},"end":{"line":8,"column":67}},"8":{"start":{"line":9,"column":0},"end":{"line":9,"column":46}},"9":{"start":{"line":10,"column":0},"end":{"line":10,"column":53}},"10":{"start":{"line":11,"column":0},"end":{"line":11,"column":56}},"11":{"start":{"line":12,"column":0},"end":{"line":12,"column":51}},"12":{"start":{"line":13,"column":0},"end":{"line":13,"column":44}},"13":{"start":{"line":14,"column":0},"end":{"line":14,"column":43}},"14":{"start":{"line":15,"column":0},"end":{"line":15,"column":0}},"15":{"start":{"line":16,"column":0},"end":{"line":16,"column":26}},"16":{"start":{"line":17,"column":0},"end":{"line":17,"column":54}},"17":{"start":{"line":18,"column":0},"end":{"line":18,"column":73}},"18":{"start":{"line":19,"column":0},"end":{"line":19,"column":83}},"19":{"start":{"line":20,"column":0},"end":{"line":20,"column":16}},"20":{"start":{"line":21,"column":0},"end":{"line":21,"column":46}},"21":{"start":{"line":22,"column":0},"end":{"line":22,"column":7}},"22":{"start":{"line":23,"column":0},"end":{"line":23,"column":6}},"23":{"start":{"line":24,"column":0},"end":{"line":24,"column":80}},"24":{"start":{"line":25,"column":0},"end":{"line":25,"column":38}},"25":{"start":{"line":26,"column":0},"end":{"line":26,"column":28}},"26":{"start":{"line":27,"column":0},"end":{"line":27,"column":8}},"27":{"start":{"line":28,"column":0},"end":{"line":28,"column":23}},"28":{"start":{"line":29,"column":0},"end":{"line":29,"column":29}},"29":{"start":{"line":30,"column":0},"end":{"line":30,"column":47}},"30":{"start":{"line":31,"column":0},"end":{"line":31,"column":91}},"31":{"start":{"line":32,"column":0},"end":{"line":32,"column":9}},"32":{"start":{"line":33,"column":0},"end":{"line":33,"column":4}},"33":{"start":{"line":34,"column":0},"end":{"line":34,"column":19}},"34":{"start":{"line":35,"column":0},"end":{"line":35,"column":104}},"35":{"start":{"line":36,"column":0},"end":{"line":36,"column":81}},"36":{"start":{"line":37,"column":0},"end":{"line":37,"column":18}},"37":{"start":{"line":38,"column":0},"end":{"line":38,"column":41}},"38":{"start":{"line":39,"column":0},"end":{"line":39,"column":129}},"39":{"start":{"line":40,"column":0},"end":{"line":40,"column":18}},"40":{"start":{"line":41,"column":0},"end":{"line":41,"column":30}},"41":{"start":{"line":42,"column":0},"end":{"line":42,"column":6}},"42":{"start":{"line":43,"column":0},"end":{"line":43,"column":9}},"43":{"start":{"line":44,"column":0},"end":{"line":44,"column":2}},"44":{"start":{"line":45,"column":0},"end":{"line":45,"column":18}},"45":{"start":{"line":46,"column":0},"end":{"line":46,"column":34}},"46":{"start":{"line":47,"column":0},"end":{"line":47,"column":3}},"47":{"start":{"line":48,"column":0},"end":{"line":48,"column":0}},"48":{"start":{"line":49,"column":0},"end":{"line":49,"column":14}},"49":{"start":{"line":50,"column":0},"end":{"line":50,"column":30}},"50":{"start":{"line":51,"column":0},"end":{"line":51,"column":3}},"51":{"start":{"line":52,"column":0},"end":{"line":52,"column":78}},"52":{"start":{"line":53,"column":0},"end":{"line":53,"column":43}},"53":{"start":{"line":54,"column":0},"end":{"line":54,"column":54}},"54":{"start":{"line":55,"column":0},"end":{"line":55,"column":40}},"55":{"start":{"line":56,"column":0},"end":{"line":56,"column":60}},"56":{"start":{"line":57,"column":0},"end":{"line":57,"column":77}},"57":{"start":{"line":58,"column":0},"end":{"line":58,"column":8}},"58":{"start":{"line":59,"column":0},"end":{"line":59,"column":16}},"59":{"start":{"line":60,"column":0},"end":{"line":60,"column":84}},"60":{"start":{"line":61,"column":0},"end":{"line":61,"column":46}},"61":{"start":{"line":62,"column":0},"end":{"line":62,"column":7}},"62":{"start":{"line":63,"column":0},"end":{"line":63,"column":6}},"63":{"start":{"line":64,"column":0},"end":{"line":64,"column":25}},"64":{"start":{"line":65,"column":0},"end":{"line":65,"column":49}},"65":{"start":{"line":66,"column":0},"end":{"line":66,"column":65}},"66":{"start":{"line":67,"column":0},"end":{"line":67,"column":51}},"67":{"start":{"line":68,"column":0},"end":{"line":68,"column":89}},"68":{"start":{"line":69,"column":0},"end":{"line":69,"column":76}},"69":{"start":{"line":70,"column":0},"end":{"line":70,"column":42}},"70":{"start":{"line":71,"column":0},"end":{"line":71,"column":121}},"71":{"start":{"line":72,"column":0},"end":{"line":72,"column":49}},"72":{"start":{"line":73,"column":0},"end":{"line":73,"column":85}},"73":{"start":{"line":74,"column":0},"end":{"line":74,"column":55}},"74":{"start":{"line":75,"column":0},"end":{"line":75,"column":64}},"75":{"start":{"line":76,"column":0},"end":{"line":76,"column":40}},"76":{"start":{"line":77,"column":0},"end":{"line":77,"column":79}},"77":{"start":{"line":78,"column":0},"end":{"line":78,"column":9}},"78":{"start":{"line":79,"column":0},"end":{"line":79,"column":30}},"79":{"start":{"line":80,"column":0},"end":{"line":80,"column":8}},"80":{"start":{"line":81,"column":0},"end":{"line":81,"column":23}},"81":{"start":{"line":82,"column":0},"end":{"line":82,"column":29}},"82":{"start":{"line":83,"column":0},"end":{"line":83,"column":48}},"83":{"start":{"line":84,"column":0},"end":{"line":84,"column":49}},"84":{"start":{"line":85,"column":0},"end":{"line":85,"column":87}},"85":{"start":{"line":86,"column":0},"end":{"line":86,"column":9}},"86":{"start":{"line":87,"column":0},"end":{"line":87,"column":4}},"87":{"start":{"line":88,"column":0},"end":{"line":88,"column":88}},"88":{"start":{"line":89,"column":0},"end":{"line":89,"column":78}},"89":{"start":{"line":90,"column":0},"end":{"line":90,"column":0}},"90":{"start":{"line":91,"column":0},"end":{"line":91,"column":2}},"91":{"start":{"line":92,"column":0},"end":{"line":92,"column":10}},"92":{"start":{"line":93,"column":0},"end":{"line":93,"column":31}},"93":{"start":{"line":94,"column":0},"end":{"line":94,"column":38}},"94":{"start":{"line":95,"column":0},"end":{"line":95,"column":55}},"95":{"start":{"line":96,"column":0},"end":{"line":96,"column":50}},"96":{"start":{"line":97,"column":0},"end":{"line":97,"column":12}},"97":{"start":{"line":98,"column":0},"end":{"line":98,"column":35}},"98":{"start":{"line":99,"column":0},"end":{"line":99,"column":35}},"99":{"start":{"line":100,"column":0},"end":{"line":100,"column":48}},"100":{"start":{"line":101,"column":0},"end":{"line":101,"column":61}},"101":{"start":{"line":102,"column":0},"end":{"line":102,"column":99}},"102":{"start":{"line":103,"column":0},"end":{"line":103,"column":62}},"103":{"start":{"line":104,"column":0},"end":{"line":104,"column":41}},"104":{"start":{"line":105,"column":0},"end":{"line":105,"column":62}},"105":{"start":{"line":106,"column":0},"end":{"line":106,"column":43}},"106":{"start":{"line":107,"column":0},"end":{"line":107,"column":50}},"107":{"start":{"line":108,"column":0},"end":{"line":108,"column":20}},"108":{"start":{"line":109,"column":0},"end":{"line":109,"column":15}},"109":{"start":{"line":110,"column":0},"end":{"line":110,"column":101}},"110":{"start":{"line":111,"column":0},"end":{"line":111,"column":16}},"111":{"start":{"line":112,"column":0},"end":{"line":112,"column":11}},"112":{"start":{"line":113,"column":0},"end":{"line":113,"column":12}},"113":{"start":{"line":114,"column":0},"end":{"line":114,"column":10}},"114":{"start":{"line":115,"column":0},"end":{"line":115,"column":4}},"115":{"start":{"line":116,"column":0},"end":{"line":116,"column":1}},"116":{"start":{"line":117,"column":0},"end":{"line":117,"column":0}},"117":{"start":{"line":118,"column":0},"end":{"line":118,"column":26}}},"s":{"0":1,"1":1,"2":1,"3":1,"4":1,"5":1,"6":1,"7":3,"8":3,"9":3,"10":3,"11":3,"12":3,"13":3,"14":3,"15":3,"16":2,"17":2,"18":2,"19":2,"20":2,"21":2,"22":2,"23":2,"24":2,"25":2,"26":2,"27":2,"28":0,"29":0,"30":0,"31":2,"32":2,"33":3,"34":3,"35":3,"36":2,"37":3,"38":3,"39":3,"40":3,"41":3,"42":3,"43":3,"44":3,"45":3,"46":3,"47":0,"48":0,"49":0,"50":0,"51":0,"52":0,"53":0,"54":0,"55":0,"56":0,"57":0,"58":0,"59":0,"60":0,"61":0,"62":0,"63":0,"64":0,"65":0,"66":0,"67":0,"68":0,"69":0,"70":0,"71":0,"72":0,"73":0,"74":0,"75":0,"76":0,"77":0,"78":0,"79":0,"80":0,"81":0,"82":0,"83":0,"84":0,"85":0,"86":0,"87":0,"88":0,"89":0,"90":0,"91":0,"92":0,"93":0,"94":0,"95":0,"96":0,"97":0,"98":0,"99":0,"100":0,"101":0,"102":0,"103":0,"104":0,"105":0,"106":0,"107":0,"108":0,"109":0,"110":0,"111":0,"112":0,"113":0,"114":0,"115":0,"116":1,"117":1},"branchMap":{"0":{"type":"branch","line":8,"loc":{"start":{"line":8,"column":0},"end":{"line":116,"column":1}},"locations":[{"start":{"line":8,"column":0},"end":{"line":116,"column":1}}]},"1":{"type":"branch","line":47,"loc":{"start":{"line":47,"column":2},"end":{"line":116,"column":1}},"locations":[{"start":{"line":47,"column":2},"end":{"line":116,"column":1}}]},"2":{"type":"branch","line":16,"loc":{"start":{"line":16,"column":20},"end":{"line":33,"column":4}},"locations":[{"start":{"line":16,"column":20},"end":{"line":33,"column":4}}]},"3":{"type":"branch","line":24,"loc":{"start":{"line":24,"column":12},"end":{"line":27,"column":7}},"locations":[{"start":{"line":24,"column":12},"end":{"line":27,"column":7}}]},"4":{"type":"branch","line":34,"loc":{"start":{"line":34,"column":12},"end":{"line":43,"column":5}},"locations":[{"start":{"line":34,"column":12},"end":{"line":43,"column":5}}]},"5":{"type":"branch","line":36,"loc":{"start":{"line":36,"column":33},"end":{"line":38,"column":7}},"locations":[{"start":{"line":36,"column":33},"end":{"line":38,"column":7}}]},"6":{"type":"branch","line":40,"loc":{"start":{"line":40,"column":11},"end":{"line":42,"column":6}},"locations":[{"start":{"line":40,"column":11},"end":{"line":42,"column":6}}]}},"b":{"0":[3],"1":[0],"2":[2],"3":[2],"4":[3],"5":[2],"6":[3]},"fnMap":{"0":{"name":"ListOrders","decl":{"start":{"line":8,"column":0},"end":{"line":116,"column":1}},"loc":{"start":{"line":8,"column":0},"end":{"line":116,"column":1}},"line":8},"1":{"name":"getOrders","decl":{"start":{"line":16,"column":20},"end":{"line":33,"column":4}},"loc":{"start":{"line":16,"column":20},"end":{"line":33,"column":4}},"line":16},"2":{"name":"handleButtonClick","decl":{"start":{"line":53,"column":28},"end":{"line":87,"column":4}},"loc":{"start":{"line":53,"column":28},"end":{"line":87,"column":4}},"line":53}},"f":{"0":3,"1":2,"2":0}}
,"/Users/chuz/DEV004-burger-queen-api-client/burger-queen-react/src/components/Products/menu.jsx": {"path":"/Users/chuz/DEV004-burger-queen-api-client/burger-queen-react/src/components/Products/menu.jsx","all":false,"statementMap":{"0":{"start":{"line":1,"column":0},"end":{"line":1,"column":44}},"1":{"start":{"line":2,"column":0},"end":{"line":2,"column":26}},"2":{"start":{"line":3,"column":0},"end":{"line":3,"column":41}},"3":{"start":{"line":4,"column":0},"end":{"line":4,"column":20}},"4":{"start":{"line":5,"column":0},"end":{"line":5,"column":29}},"5":{"start":{"line":6,"column":0},"end":{"line":6,"column":20}},"6":{"start":{"line":7,"column":0},"end":{"line":7,"column":20}},"7":{"start":{"line":8,"column":0},"end":{"line":8,"column":78}},"8":{"start":{"line":9,"column":0},"end":{"line":9,"column":32}},"9":{"start":{"line":10,"column":0},"end":{"line":10,"column":47}},"10":{"start":{"line":11,"column":0},"end":{"line":11,"column":62}},"11":{"start":{"line":12,"column":0},"end":{"line":12,"column":77}},"12":{"start":{"line":13,"column":0},"end":{"line":13,"column":63}},"13":{"start":{"line":14,"column":0},"end":{"line":14,"column":67}},"14":{"start":{"line":15,"column":0},"end":{"line":15,"column":67}},"15":{"start":{"line":16,"column":0},"end":{"line":16,"column":60}},"16":{"start":{"line":17,"column":0},"end":{"line":17,"column":51}},"17":{"start":{"line":18,"column":0},"end":{"line":18,"column":43}},"18":{"start":{"line":19,"column":0},"end":{"line":19,"column":80}},"19":{"start":{"line":20,"column":0},"end":{"line":20,"column":76}},"20":{"start":{"line":21,"column":0},"end":{"line":21,"column":33}},"21":{"start":{"line":22,"column":0},"end":{"line":22,"column":56}},"22":{"start":{"line":23,"column":0},"end":{"line":23,"column":19}},"23":{"start":{"line":24,"column":0},"end":{"line":24,"column":70}},"24":{"start":{"line":25,"column":0},"end":{"line":25,"column":49}},"25":{"start":{"line":26,"column":0},"end":{"line":26,"column":10}},"26":{"start":{"line":27,"column":0},"end":{"line":27,"column":35}},"27":{"start":{"line":28,"column":0},"end":{"line":28,"column":63}},"28":{"start":{"line":29,"column":0},"end":{"line":29,"column":0}},"29":{"start":{"line":30,"column":0},"end":{"line":30,"column":52}},"30":{"start":{"line":31,"column":0},"end":{"line":31,"column":40}},"31":{"start":{"line":32,"column":0},"end":{"line":32,"column":30}},"32":{"start":{"line":33,"column":0},"end":{"line":33,"column":49}},"33":{"start":{"line":34,"column":0},"end":{"line":34,"column":16}},"34":{"start":{"line":35,"column":0},"end":{"line":35,"column":46}},"35":{"start":{"line":36,"column":0},"end":{"line":36,"column":7}},"36":{"start":{"line":37,"column":0},"end":{"line":37,"column":6}},"37":{"start":{"line":38,"column":0},"end":{"line":38,"column":25}},"38":{"start":{"line":39,"column":0},"end":{"line":39,"column":60}},"39":{"start":{"line":40,"column":0},"end":{"line":40,"column":35}},"40":{"start":{"line":41,"column":0},"end":{"line":41,"column":28}},"41":{"start":{"line":42,"column":0},"end":{"line":42,"column":8}},"42":{"start":{"line":43,"column":0},"end":{"line":43,"column":23}},"43":{"start":{"line":44,"column":0},"end":{"line":44,"column":29}},"44":{"start":{"line":45,"column":0},"end":{"line":45,"column":47}},"45":{"start":{"line":46,"column":0},"end":{"line":46,"column":28}},"46":{"start":{"line":47,"column":0},"end":{"line":47,"column":9}},"47":{"start":{"line":48,"column":0},"end":{"line":48,"column":4}},"48":{"start":{"line":49,"column":0},"end":{"line":49,"column":0}},"49":{"start":{"line":50,"column":0},"end":{"line":50,"column":19}},"50":{"start":{"line":51,"column":0},"end":{"line":51,"column":19}},"51":{"start":{"line":52,"column":0},"end":{"line":52,"column":9}},"52":{"start":{"line":53,"column":0},"end":{"line":53,"column":0}},"53":{"start":{"line":54,"column":0},"end":{"line":54,"column":18}},"54":{"start":{"line":55,"column":0},"end":{"line":55,"column":34}},"55":{"start":{"line":56,"column":0},"end":{"line":56,"column":3}},"56":{"start":{"line":57,"column":0},"end":{"line":57,"column":0}},"57":{"start":{"line":58,"column":0},"end":{"line":58,"column":14}},"58":{"start":{"line":59,"column":0},"end":{"line":59,"column":30}},"59":{"start":{"line":60,"column":0},"end":{"line":60,"column":3}},"60":{"start":{"line":61,"column":0},"end":{"line":61,"column":0}},"61":{"start":{"line":62,"column":0},"end":{"line":62,"column":82}},"62":{"start":{"line":63,"column":0},"end":{"line":63,"column":0}},"63":{"start":{"line":64,"column":0},"end":{"line":64,"column":38}},"64":{"start":{"line":65,"column":0},"end":{"line":65,"column":80}},"65":{"start":{"line":66,"column":0},"end":{"line":66,"column":23}},"66":{"start":{"line":67,"column":0},"end":{"line":67,"column":55}},"67":{"start":{"line":68,"column":0},"end":{"line":68,"column":74}},"68":{"start":{"line":69,"column":0},"end":{"line":69,"column":5}},"69":{"start":{"line":70,"column":0},"end":{"line":70,"column":4}},"70":{"start":{"line":71,"column":0},"end":{"line":71,"column":0}},"71":{"start":{"line":72,"column":0},"end":{"line":72,"column":37}},"72":{"start":{"line":73,"column":0},"end":{"line":73,"column":28}},"73":{"start":{"line":74,"column":0},"end":{"line":74,"column":30}},"74":{"start":{"line":75,"column":0},"end":{"line":75,"column":4}},"75":{"start":{"line":76,"column":0},"end":{"line":76,"column":0}},"76":{"start":{"line":77,"column":0},"end":{"line":77,"column":41}},"77":{"start":{"line":78,"column":0},"end":{"line":78,"column":62}},"78":{"start":{"line":79,"column":0},"end":{"line":79,"column":34}},"79":{"start":{"line":80,"column":0},"end":{"line":80,"column":46}},"80":{"start":{"line":81,"column":0},"end":{"line":81,"column":7}},"81":{"start":{"line":82,"column":0},"end":{"line":82,"column":18}},"82":{"start":{"line":83,"column":0},"end":{"line":83,"column":7}},"83":{"start":{"line":84,"column":0},"end":{"line":84,"column":45}},"84":{"start":{"line":85,"column":0},"end":{"line":85,"column":43}},"85":{"start":{"line":86,"column":0},"end":{"line":86,"column":4}},"86":{"start":{"line":87,"column":0},"end":{"line":87,"column":0}},"87":{"start":{"line":88,"column":0},"end":{"line":88,"column":32}},"88":{"start":{"line":89,"column":0},"end":{"line":89,"column":56}},"89":{"start":{"line":90,"column":0},"end":{"line":90,"column":4}},"90":{"start":{"line":91,"column":0},"end":{"line":91,"column":0}},"91":{"start":{"line":92,"column":0},"end":{"line":92,"column":37}},"92":{"start":{"line":93,"column":0},"end":{"line":93,"column":45}},"93":{"start":{"line":94,"column":0},"end":{"line":94,"column":33}},"94":{"start":{"line":95,"column":0},"end":{"line":95,"column":4}},"95":{"start":{"line":96,"column":0},"end":{"line":96,"column":0}},"96":{"start":{"line":97,"column":0},"end":{"line":97,"column":43}},"97":{"start":{"line":98,"column":0},"end":{"line":98,"column":62}},"98":{"start":{"line":99,"column":0},"end":{"line":99,"column":34}},"99":{"start":{"line":100,"column":0},"end":{"line":100,"column":20}},"100":{"start":{"line":101,"column":0},"end":{"line":101,"column":7}},"101":{"start":{"line":102,"column":0},"end":{"line":102,"column":27}},"102":{"start":{"line":103,"column":0},"end":{"line":103,"column":27}},"103":{"start":{"line":104,"column":0},"end":{"line":104,"column":7}},"104":{"start":{"line":105,"column":0},"end":{"line":105,"column":44}},"105":{"start":{"line":106,"column":0},"end":{"line":106,"column":38}},"106":{"start":{"line":107,"column":0},"end":{"line":107,"column":0}},"107":{"start":{"line":108,"column":0},"end":{"line":108,"column":45}},"108":{"start":{"line":109,"column":0},"end":{"line":109,"column":43}},"109":{"start":{"line":110,"column":0},"end":{"line":110,"column":4}},"110":{"start":{"line":111,"column":0},"end":{"line":111,"column":0}},"111":{"start":{"line":112,"column":0},"end":{"line":112,"column":37}},"112":{"start":{"line":113,"column":0},"end":{"line":113,"column":54}},"113":{"start":{"line":114,"column":0},"end":{"line":114,"column":50}},"114":{"start":{"line":115,"column":0},"end":{"line":115,"column":66}},"115":{"start":{"line":116,"column":0},"end":{"line":116,"column":0}},"116":{"start":{"line":117,"column":0},"end":{"line":117,"column":23}},"117":{"start":{"line":118,"column":0},"end":{"line":118,"column":21}},"118":{"start":{"line":119,"column":0},"end":{"line":119,"column":25}},"119":{"start":{"line":120,"column":0},"end":{"line":120,"column":49}},"120":{"start":{"line":121,"column":0},"end":{"line":121,"column":22}},"121":{"start":{"line":122,"column":0},"end":{"line":122,"column":18}},"122":{"start":{"line":123,"column":0},"end":{"line":123,"column":22}},"123":{"start":{"line":124,"column":0},"end":{"line":124,"column":26}},"124":{"start":{"line":125,"column":0},"end":{"line":125,"column":28}},"125":{"start":{"line":126,"column":0},"end":{"line":126,"column":28}},"126":{"start":{"line":127,"column":0},"end":{"line":127,"column":26}},"127":{"start":{"line":128,"column":0},"end":{"line":128,"column":35}},"128":{"start":{"line":129,"column":0},"end":{"line":129,"column":9}},"129":{"start":{"line":130,"column":0},"end":{"line":130,"column":10}},"130":{"start":{"line":131,"column":0},"end":{"line":131,"column":24}},"131":{"start":{"line":132,"column":0},"end":{"line":132,"column":35}},"132":{"start":{"line":133,"column":0},"end":{"line":133,"column":6}},"133":{"start":{"line":134,"column":0},"end":{"line":134,"column":59}},"134":{"start":{"line":135,"column":0},"end":{"line":135,"column":16}},"135":{"start":{"line":136,"column":0},"end":{"line":136,"column":46}},"136":{"start":{"line":137,"column":0},"end":{"line":137,"column":7}},"137":{"start":{"line":138,"column":0},"end":{"line":138,"column":6}},"138":{"start":{"line":139,"column":0},"end":{"line":139,"column":25}},"139":{"start":{"line":140,"column":0},"end":{"line":140,"column":45}},"140":{"start":{"line":141,"column":0},"end":{"line":141,"column":64}},"141":{"start":{"line":142,"column":0},"end":{"line":142,"column":68}},"142":{"start":{"line":143,"column":0},"end":{"line":143,"column":28}},"143":{"start":{"line":144,"column":0},"end":{"line":144,"column":8}},"144":{"start":{"line":145,"column":0},"end":{"line":145,"column":23}},"145":{"start":{"line":146,"column":0},"end":{"line":146,"column":29}},"146":{"start":{"line":147,"column":0},"end":{"line":147,"column":47}},"147":{"start":{"line":148,"column":0},"end":{"line":148,"column":28}},"148":{"start":{"line":149,"column":0},"end":{"line":149,"column":9}},"149":{"start":{"line":150,"column":0},"end":{"line":150,"column":4}},"150":{"start":{"line":151,"column":0},"end":{"line":151,"column":84}},"151":{"start":{"line":152,"column":0},"end":{"line":152,"column":18}},"152":{"start":{"line":153,"column":0},"end":{"line":153,"column":10}},"153":{"start":{"line":154,"column":0},"end":{"line":154,"column":38}},"154":{"start":{"line":155,"column":0},"end":{"line":155,"column":26}},"155":{"start":{"line":156,"column":0},"end":{"line":156,"column":55}},"156":{"start":{"line":157,"column":0},"end":{"line":157,"column":64}},"157":{"start":{"line":158,"column":0},"end":{"line":158,"column":40}},"158":{"start":{"line":159,"column":0},"end":{"line":159,"column":128}},"159":{"start":{"line":160,"column":0},"end":{"line":160,"column":130}},"160":{"start":{"line":161,"column":0},"end":{"line":161,"column":12}},"161":{"start":{"line":162,"column":0},"end":{"line":162,"column":12}},"162":{"start":{"line":163,"column":0},"end":{"line":163,"column":39}},"163":{"start":{"line":164,"column":0},"end":{"line":164,"column":10}},"164":{"start":{"line":165,"column":0},"end":{"line":165,"column":42}},"165":{"start":{"line":166,"column":0},"end":{"line":166,"column":64}},"166":{"start":{"line":167,"column":0},"end":{"line":167,"column":41}},"167":{"start":{"line":168,"column":0},"end":{"line":168,"column":33}},"168":{"start":{"line":169,"column":0},"end":{"line":169,"column":83}},"169":{"start":{"line":170,"column":0},"end":{"line":170,"column":38}},"170":{"start":{"line":171,"column":0},"end":{"line":171,"column":46}},"171":{"start":{"line":172,"column":0},"end":{"line":172,"column":42}},"172":{"start":{"line":173,"column":0},"end":{"line":173,"column":25}},"173":{"start":{"line":174,"column":0},"end":{"line":174,"column":20}},"174":{"start":{"line":175,"column":0},"end":{"line":175,"column":15}},"175":{"start":{"line":176,"column":0},"end":{"line":176,"column":16}},"176":{"start":{"line":177,"column":0},"end":{"line":177,"column":11}},"177":{"start":{"line":178,"column":0},"end":{"line":178,"column":40}},"178":{"start":{"line":179,"column":0},"end":{"line":179,"column":60}},"179":{"start":{"line":180,"column":0},"end":{"line":180,"column":137}},"180":{"start":{"line":181,"column":0},"end":{"line":181,"column":94}},"181":{"start":{"line":182,"column":0},"end":{"line":182,"column":46}},"182":{"start":{"line":183,"column":0},"end":{"line":183,"column":61}},"183":{"start":{"line":184,"column":0},"end":{"line":184,"column":37}},"184":{"start":{"line":185,"column":0},"end":{"line":185,"column":44}},"185":{"start":{"line":186,"column":0},"end":{"line":186,"column":45}},"186":{"start":{"line":187,"column":0},"end":{"line":187,"column":41}},"187":{"start":{"line":188,"column":0},"end":{"line":188,"column":127}},"188":{"start":{"line":189,"column":0},"end":{"line":189,"column":123}},"189":{"start":{"line":190,"column":0},"end":{"line":190,"column":18}},"190":{"start":{"line":191,"column":0},"end":{"line":191,"column":13}},"191":{"start":{"line":192,"column":0},"end":{"line":192,"column":17}},"192":{"start":{"line":193,"column":0},"end":{"line":193,"column":123}},"193":{"start":{"line":194,"column":0},"end":{"line":194,"column":18}},"194":{"start":{"line":195,"column":0},"end":{"line":195,"column":14}},"195":{"start":{"line":196,"column":0},"end":{"line":196,"column":12}},"196":{"start":{"line":197,"column":0},"end":{"line":197,"column":94}},"197":{"start":{"line":198,"column":0},"end":{"line":198,"column":10}},"198":{"start":{"line":199,"column":0},"end":{"line":199,"column":4}},"199":{"start":{"line":200,"column":0},"end":{"line":200,"column":2}},"200":{"start":{"line":201,"column":0},"end":{"line":201,"column":0}},"201":{"start":{"line":202,"column":0},"end":{"line":202,"column":20}}},"s":{"0":1,"1":1,"2":1,"3":1,"4":1,"5":1,"6":1,"7":3,"8":3,"9":3,"10":3,"11":3,"12":3,"13":3,"14":3,"15":3,"16":3,"17":3,"18":3,"19":3,"20":3,"21":3,"22":3,"23":1,"24":0,"25":1,"26":1,"27":3,"28":3,"29":3,"30":3,"31":3,"32":1,"33":1,"34":1,"35":1,"36":1,"37":1,"38":0,"39":0,"40":0,"41":1,"42":1,"43":1,"44":1,"45":1,"46":1,"47":1,"48":3,"49":3,"50":1,"51":3,"52":3,"53":3,"54":1,"55":1,"56":2,"57":2,"58":2,"59":2,"60":0,"61":0,"62":0,"63":0,"64":0,"65":0,"66":0,"67":0,"68":0,"69":0,"70":0,"71":0,"72":0,"73":0,"74":0,"75":0,"76":0,"77":0,"78":0,"79":0,"80":0,"81":0,"82":0,"83":0,"84":0,"85":0,"86":0,"87":0,"88":0,"89":0,"90":0,"91":0,"92":0,"93":0,"94":0,"95":0,"96":0,"97":0,"98":0,"99":0,"100":0,"101":0,"102":0,"103":0,"104":0,"105":0,"106":0,"107":0,"108":0,"109":0,"110":0,"111":0,"112":0,"113":0,"114":0,"115":0,"116":0,"117":0,"118":0,"119":0,"120":0,"121":0,"122":0,"123":0,"124":0,"125":0,"126":0,"127":0,"128":0,"129":0,"130":0,"131":0,"132":0,"133":0,"134":0,"135":0,"136":0,"137":0,"138":0,"139":0,"140":0,"141":0,"142":0,"143":0,"144":0,"145":0,"146":0,"147":0,"148":0,"149":0,"150":0,"151":0,"152":0,"153":0,"154":0,"155":0,"156":0,"157":0,"158":0,"159":0,"160":0,"161":0,"162":0,"163":0,"164":0,"165":0,"166":0,"167":0,"168":0,"169":0,"170":0,"171":0,"172":0,"173":0,"174":0,"175":0,"176":0,"177":0,"178":0,"179":0,"180":0,"181":0,"182":0,"183":0,"184":0,"185":0,"186":0,"187":0,"188":0,"189":0,"190":0,"191":0,"192":0,"193":0,"194":0,"195":0,"196":0,"197":0,"198":0,"199":0,"200":1,"201":1},"branchMap":{"0":{"type":"branch","line":7,"loc":{"start":{"line":7,"column":13},"end":{"line":200,"column":2}},"locations":[{"start":{"line":7,"column":13},"end":{"line":200,"column":2}}]},"1":{"type":"branch","line":54,"loc":{"start":{"line":54,"column":17},"end":{"line":56,"column":3}},"locations":[{"start":{"line":54,"column":17},"end":{"line":56,"column":3}}]},"2":{"type":"branch","line":56,"loc":{"start":{"line":56,"column":2},"end":{"line":60,"column":3}},"locations":[{"start":{"line":56,"column":2},"end":{"line":60,"column":3}}]},"3":{"type":"branch","line":60,"loc":{"start":{"line":60,"column":2},"end":{"line":200,"column":2}},"locations":[{"start":{"line":60,"column":2},"end":{"line":200,"column":2}}]},"4":{"type":"branch","line":23,"loc":{"start":{"line":23,"column":12},"end":{"line":28,"column":5}},"locations":[{"start":{"line":23,"column":12},"end":{"line":28,"column":5}}]},"5":{"type":"branch","line":32,"loc":{"start":{"line":32,"column":23},"end":{"line":48,"column":4}},"locations":[{"start":{"line":32,"column":23},"end":{"line":48,"column":4}}]},"6":{"type":"branch","line":43,"loc":{"start":{"line":43,"column":13},"end":{"line":47,"column":7}},"locations":[{"start":{"line":43,"column":13},"end":{"line":47,"column":7}}]},"7":{"type":"branch","line":50,"loc":{"start":{"line":50,"column":12},"end":{"line":52,"column":5}},"locations":[{"start":{"line":50,"column":12},"end":{"line":52,"column":5}}]}},"b":{"0":[3],"1":[1],"2":[2],"3":[0],"4":[1],"5":[1],"6":[1],"7":[1]},"fnMap":{"0":{"name":"Menu","decl":{"start":{"line":7,"column":13},"end":{"line":200,"column":2}},"loc":{"start":{"line":7,"column":13},"end":{"line":200,"column":2}},"line":7},"1":{"name":"listProducts","decl":{"start":{"line":32,"column":23},"end":{"line":48,"column":4}},"loc":{"start":{"line":32,"column":23},"end":{"line":48,"column":4}},"line":32},"2":{"name":"ProductSelection","decl":{"start":{"line":64,"column":27},"end":{"line":70,"column":4}},"loc":{"start":{"line":64,"column":27},"end":{"line":70,"column":4}},"line":64},"3":{"name":"clearOrderContainer","decl":{"start":{"line":72,"column":30},"end":{"line":75,"column":4}},"loc":{"start":{"line":72,"column":30},"end":{"line":75,"column":4}},"line":72},"4":{"name":"addItemToOrder","decl":{"start":{"line":77,"column":25},"end":{"line":86,"column":4}},"loc":{"start":{"line":77,"column":25},"end":{"line":86,"column":4}},"line":77},"5":{"name":"saveClientName","decl":{"start":{"line":88,"column":25},"end":{"line":90,"column":4}},"loc":{"start":{"line":88,"column":25},"end":{"line":90,"column":4}},"line":88},"6":{"name":"changeClientName","decl":{"start":{"line":92,"column":27},"end":{"line":95,"column":4}},"loc":{"start":{"line":92,"column":27},"end":{"line":95,"column":4}},"line":92},"7":{"name":"eraseItemToOrder","decl":{"start":{"line":97,"column":27},"end":{"line":110,"column":4}},"loc":{"start":{"line":97,"column":27},"end":{"line":110,"column":4}},"line":97},"8":{"name":"OrderReadyToKitchen","decl":{"start":{"line":112,"column":30},"end":{"line":150,"column":4}},"loc":{"start":{"line":112,"column":30},"end":{"line":150,"column":4}},"line":112},"9":{"name":"onClick","decl":{"start":{"line":159,"column":50},"end":{"line":159,"column":111}},"loc":{"start":{"line":159,"column":50},"end":{"line":159,"column":111}},"line":159},"10":{"name":"onClick","decl":{"start":{"line":160,"column":47},"end":{"line":160,"column":108}},"loc":{"start":{"line":160,"column":47},"end":{"line":160,"column":108}},"line":160}},"f":{"0":3,"1":1,"2":0,"3":0,"4":0,"5":0,"6":0,"7":0,"8":0,"9":0,"10":0}}
}
